                                      1 ;--------------------------------------------------------
                                      2 ; File Created by SDCC : free open source ANSI-C Compiler
                                      3 ; Version 4.1.6 #12539 (MINGW32)
                                      4 ;--------------------------------------------------------
                                      5 	.module main
                                      6 	.optsdcc -mgbz80
                                      7 	
                                      8 ;--------------------------------------------------------
                                      9 ; Public variables in this module
                                     10 ;--------------------------------------------------------
                                     11 	.globl _main
                                     12 	.globl _printf
                                     13 ;--------------------------------------------------------
                                     14 ; special function registers
                                     15 ;--------------------------------------------------------
                                     16 ;--------------------------------------------------------
                                     17 ; ram data
                                     18 ;--------------------------------------------------------
                                     19 	.area _DATA
                                     20 ;--------------------------------------------------------
                                     21 ; ram data
                                     22 ;--------------------------------------------------------
                                     23 	.area _INITIALIZED
                                     24 ;--------------------------------------------------------
                                     25 ; absolute external ram data
                                     26 ;--------------------------------------------------------
                                     27 	.area _DABS (ABS)
                                     28 ;--------------------------------------------------------
                                     29 ; global & static initialisations
                                     30 ;--------------------------------------------------------
                                     31 	.area _HOME
                                     32 	.area _GSINIT
                                     33 	.area _GSFINAL
                                     34 	.area _GSINIT
                                     35 ;--------------------------------------------------------
                                     36 ; Home
                                     37 ;--------------------------------------------------------
                                     38 	.area _HOME
                                     39 	.area _HOME
                                     40 ;--------------------------------------------------------
                                     41 ; code
                                     42 ;--------------------------------------------------------
                                     43 	.area _CODE
                                     44 ;source/main.c:4: int main(){
                                     45 ;	---------------------------------
                                     46 ; Function main
                                     47 ; ---------------------------------
      000000                         48 _main::
                                     49 ;source/main.c:5: printf("Ola mundo");
      000000 11r09r00                50 	ld	de, #___str_0
      000003 D5                      51 	push	de
      000004 CDr00r00                52 	call	_printf
                                     53 ;source/main.c:7: while(1){
      000007                         54 00102$:
                                     55 ;source/main.c:11: }
      000007 18 FE                   56 	jr	00102$
      000009                         57 ___str_0:
      000009 4F 6C 61 20 6D 75 6E    58 	.ascii "Ola mundo"
             64 6F
      000012 00                      59 	.db 0x00
                                     60 	.area _CODE
                                     61 	.area _INITIALIZER
                                     62 	.area _CABS (ABS)
